[0;33m--- idf_monitor on /dev/ttyUSB0 115200 ---[0m
[0;33m--- Quit: Ctrl+] | Menu: Ctrl+T | Help: Ctrl+T followed by Ctrl+H ---[0m
[0;33mStack dump detected[0m
[0;33m0x42007256: uart_ll_get_txfifo_len at /home/rome/esp/esp-idf/components/hal/esp32c3/include/hal/uart_ll.h:341 (discriminator 1)
 (inlined by) uart_tx_char at /home/rome/esp/esp-idf/components/vfs/vfs_uart.c:164 (discriminator 1)
[0m
[0;33m0x420082e0: uart_write at /home/rome/esp/esp-idf/components/vfs/vfs_uart.c:209 (discriminator 2)
[0m
[0;33m0x42006ab8: console_write at /home/rome/esp/esp-idf/components/vfs/vfs_console.c:71
[0m
[0;33m0x42099980: __sflush_r at ??:?
[0m
[0;33m0x42099b2c: _fflush_r at ??:?
[0m
[0;33mFailed to run gdb_panic_server.py script: Command '['riscv32-esp-elf-gdb', '--batch', '-n', '/home/rome/esp/esp_workspace/esp_workspace/tcp/build/mqtt_tcp.elf', '-ex', 'target remote | "/home/rome/.espressif/python_env/idf5.1_py3.10_env/bin/python" "/home/rome/.espressif/python_env/idf5.1_py3.10_env/lib/python3.10/site-packages/esp_idf_monitor/base/../gdb_panic_server.py" --target esp32c3 "/tmp/tmpvpqoajab"', '-ex', 'bt']' returned non-zero exit status 1.
b'Traceback (most recent call last):\n  File "/home/rome/.espressif/python_env/idf5.1_py3.10_env/lib/python3.10/site-packages/esp_idf_monitor/base/../gdb_panic_server.py", line 291, in <module>\n    main()\n  File "/home/rome/.espressif/python_env/idf5.1_py3.10_env/lib/python3.10/site-packages/esp_idf_monitor/base/../gdb_panic_server.py", line 281, in main\n    panic_info = PANIC_OUTPUT_PARSERS[args.target](args.input_file.read())\n  File "/home/rome/.espressif/python_env/idf5.1_py3.10_env/lib/python3.10/site-packages/esp_idf_monitor/base/../gdb_panic_server.py", line 134, in parse_idf_riscv_panic_output\n    raise ValueError("Couldn\'t parse panic handler output")\nValueError: Couldn\'t parse panic handler output\nRemote communication error.  Target disconnected.: Conexi\xc3\xb3n reinicializada por la m\xc3\xa1quina remota.\nNo stack.\n'

[0m
[0;33mStack dump detected[0m
[0;33m0x42007254: uart_ll_get_txfifo_len at /home/rome/esp/esp-idf/components/hal/esp32c3/include/hal/uart_ll.h:341 (discriminator 1)
 (inlined by) uart_tx_char at /home/rome/esp/esp-idf/components/vfs/vfs_uart.c:164 (discriminator 1)
[0m
[0;33m0x420082e0: uart_write at /home/rome/esp/esp-idf/components/vfs/vfs_uart.c:209 (discriminator 2)
[0m
[0;33m0x42006ab8: console_write at /home/rome/esp/esp-idf/components/vfs/vfs_console.c:71
[0m
[0;33m0x42007266: uart_tx_char at /home/rome/esp/esp-idf/components/vfs/vfs_uart.c:164 (discriminator 1)
[0m
[0;33m0x420082e0: uart_write at /home/rome/esp/esp-idf/components/vfs/vfs_uart.c:209 (discriminator 2)
[0m
[0;33m0x42006ab8: console_write at /home/rome/esp/esp-idf/components/vfs/vfs_console.c:71
[0m
[0;33m0x42007260: uart_ll_get_txfifo_len at /home/rome/esp/esp-idf/components/hal/esp32c3/include/hal/uart_ll.h:341 (discriminator 1)
 (inlined by) uart_tx_char at /home/rome/esp/esp-idf/components/vfs/vfs_uart.c:164 (discriminator 1)
[0m
[0;33m0x420082e0: uart_write at /home/rome/esp/esp-idf/components/vfs/vfs_uart.c:209 (discriminator 2)
[0m
[0;33m0x42006ab8: console_write at /home/rome/esp/esp-idf/components/vfs/vfs_console.c:71
[0m
[0;33m0x42007254: uart_ll_get_txfifo_len at /home/rome/esp/esp-idf/components/hal/esp32c3/include/hal/uart_ll.h:341 (discriminator 1)
 (inlined by) uart_tx_char at /home/rome/esp/esp-idf/components/vfs/vfs_uart.c:164 (discriminator 1)
[0m
[0;33m0x420082e0: uart_write at /home/rome/esp/esp-idf/components/vfs/vfs_uart.c:209 (discriminator 2)
[0m
[0;33m0x42006ab8: console_write at /home/rome/esp/esp-idf/components/vfs/vfs_console.c:71
[0m
[0;33m0x40388e16: xTaskGetSchedulerState at /home/rome/esp/esp-idf/components/freertos/FreeRTOS-Kernel/tasks.c:5066
[0m
[0;33m0x40381642: lock_acquire_generic at /home/rome/esp/esp-idf/components/newlib/locks.c:123
[0m
[0;33m0x42007260: uart_ll_get_txfifo_len at /home/rome/esp/esp-idf/components/hal/esp32c3/include/hal/uart_ll.h:341 (discriminator 1)
 (inlined by) uart_tx_char at /home/rome/esp/esp-idf/components/vfs/vfs_uart.c:164 (discriminator 1)
[0m
[0;33m0x420082e0: uart_write at /home/rome/esp/esp-idf/components/vfs/vfs_uart.c:209 (discriminator 2)
[0m
[0;33m0x42006ab8: console_write at /home/rome/esp/esp-idf/components/vfs/vfs_console.c:71
[0m
[0;33m0x42007256: uart_ll_get_txfifo_len at /home/rome/esp/esp-idf/components/hal/esp32c3/include/hal/uart_ll.h:341 (discriminator 1)
 (inlined by) uart_tx_char at /home/rome/esp/esp-idf/components/vfs/vfs_uart.c:164 (discriminator 1)
[0m
[0;33m0x420082e0: uart_write at /home/rome/esp/esp-idf/components/vfs/vfs_uart.c:209 (discriminator 2)
[0m
[0;33m0x42006ab8: console_write at /home/rome/esp/esp-idf/components/vfs/vfs_console.c:71
[0m
[0;33m0x42007258: uart_ll_get_txfifo_len at /home/rome/esp/esp-idf/components/hal/esp32c3/include/hal/uart_ll.h:341 (discriminator 1)
 (inlined by) uart_tx_char at /home/rome/esp/esp-idf/components/vfs/vfs_uart.c:164 (discriminator 1)
[0m
[0;33m0x420082e0: uart_write at /home/rome/esp/esp-idf/components/vfs/vfs_uart.c:209 (discriminator 2)
[0m
[0;33m0x42006ab8: console_write at /home/rome/esp/esp-idf/components/vfs/vfs_console.c:71
[0m
[0;33m0x42007254: uart_ll_get_txfifo_len at /home/rome/esp/esp-idf/components/hal/esp32c3/include/hal/uart_ll.h:341 (discriminator 1)
 (inlined by) uart_tx_char at /home/rome/esp/esp-idf/components/vfs/vfs_uart.c:164 (discriminator 1)
[0m
[0;33m0x420082e0: uart_write at /home/rome/esp/esp-idf/components/vfs/vfs_uart.c:209 (discriminator 2)
[0m
[0;33m0x42006ab8: console_write at /home/rome/esp/esp-idf/components/vfs/vfs_console.c:71
[0m
[0;33m0x42007256: uart_ll_get_txfifo_len at /home/rome/esp/esp-idf/components/hal/esp32c3/include/hal/uart_ll.h:341 (discriminator 1)
 (inlined by) uart_tx_char at /home/rome/esp/esp-idf/components/vfs/vfs_uart.c:164 (discriminator 1)
[0m
[0;33m0x420082e0: uart_write at /home/rome/esp/esp-idf/components/vfs/vfs_uart.c:209 (discriminator 2)
[0m
[0;33m0x42006ab8: console_write at /home/rome/esp/esp-idf/components/vfs/vfs_console.c:71
[0m
[0;33m0x42007256: uart_ll_get_txfifo_len at /home/rome/esp/esp-idf/components/hal/esp32c3/include/hal/uart_ll.h:341 (discriminator 1)
 (inlined by) uart_tx_char at /home/rome/esp/esp-idf/components/vfs/vfs_uart.c:164 (discriminator 1)
[0m
[0;33m0x420082e0: uart_write at /home/rome/esp/esp-idf/components/vfs/vfs_uart.c:209 (discriminator 2)
[0m
[0;33m0x42006ab8: console_write at /home/rome/esp/esp-idf/components/vfs/vfs_console.c:71
[0m
[0;33m0x42007256: uart_ll_get_txfifo_len at /home/rome/esp/esp-idf/components/hal/esp32c3/include/hal/uart_ll.h:341 (discriminator 1)
 (inlined by) uart_tx_char at /home/rome/esp/esp-idf/components/vfs/vfs_uart.c:164 (discriminator 1)
[0m
[0;33m0x420082e0: uart_write at /home/rome/esp/esp-idf/components/vfs/vfs_uart.c:209 (discriminator 2)
[0m
[0;33m0x42006ab8: console_write at /home/rome/esp/esp-idf/components/vfs/vfs_console.c:71
[0m
[0;33m0x42007266: uart_tx_char at /home/rome/esp/esp-idf/components/vfs/vfs_uart.c:164 (discriminator 1)
[0m
[0;33m0x420082e0: uart_write at /home/rome/esp/esp-idf/components/vfs/vfs_uart.c:209 (discriminator 2)
[0m
[0;33m0x42006ab8: console_write at /home/rome/esp/esp-idf/components/vfs/vfs_console.c:71
[0m
[0;33m0x42007256: uart_ll_get_txfifo_len at /home/rome/esp/esp-idf/components/hal/esp32c3/include/hal/uart_ll.h:341 (discriminator 1)
 (inlined by) uart_tx_char at /home/rome/esp/esp-idf/components/vfs/vfs_uart.c:164 (discriminator 1)
[0m
[0;33m0x420082e0: uart_write at /home/rome/esp/esp-idf/components/vfs/vfs_uart.c:209 (discriminator 2)
[0m
[0;33m0x42006ab8: console_write at /home/rome/esp/esp-idf/components/vfs/vfs_console.c:71
[0m
[0;33m0x42007256: uart_ll_get_txfifo_len at /home/rome/esp/esp-idf/components/hal/esp32c3/include/hal/uart_ll.h:341 (discriminator 1)
 (inlined by) uart_tx_char at /home/rome/esp/esp-idf/components/vfs/vfs_uart.c:164 (discriminator 1)
[0m
[0;33m0x420082e0: uart_write at /home/rome/esp/esp-idf/components/vfs/vfs_uart.c:209 (discriminator 2)
[0m
[0;33m0x42006ab8: console_write at /home/rome/esp/esp-idf/components/vfs/vfs_console.c:71
[0m
[0;33m0x42007256: uart_ll_get_txfifo_len at /home/rome/esp/esp-idf/components/hal/esp32c3/include/hal/uart_ll.h:341 (discriminator 1)
 (inlined by) uart_tx_char at /home/rome/esp/esp-idf/components/vfs/vfs_uart.c:164 (discriminator 1)
[0m
[0;33m0x420082e0: uart_write at /home/rome/esp/esp-idf/components/vfs/vfs_uart.c:209 (discriminator 2)
[0m
[0;33m0x42006ab8: console_write at /home/rome/esp/esp-idf/components/vfs/vfs_console.c:71
[0m
[0;33m0x42007256: uart_ll_get_txfifo_len at /home/rome/esp/esp-idf/components/hal/esp32c3/include/hal/uart_ll.h:341 (discriminator 1)
 (inlined by) uart_tx_char at /home/rome/esp/esp-idf/components/vfs/vfs_uart.c:164 (discriminator 1)
[0m
[0;33m0x420082e0: uart_write at /home/rome/esp/esp-idf/components/vfs/vfs_uart.c:209 (discriminator 2)
[0m
[0;33m0x42006ab8: console_write at /home/rome/esp/esp-idf/components/vfs/vfs_console.c:71
[0m
[0;33m0x40389596: vPortClearInterruptMask at /home/rome/esp/esp-idf/components/freertos/FreeRTOS-Kernel/portable/riscv/port.c:385
[0m
[0;33m0x40388e10: xTaskGetSchedulerState at /home/rome/esp/esp-idf/components/freertos/FreeRTOS-Kernel/tasks.c:5066
[0m
[0;33m0x42007260: uart_ll_get_txfifo_len at /home/rome/esp/esp-idf/components/hal/esp32c3/include/hal/uart_ll.h:341 (discriminator 1)
 (inlined by) uart_tx_char at /home/rome/esp/esp-idf/components/vfs/vfs_uart.c:164 (discriminator 1)
[0m
[0;33m0x420082e0: uart_write at /home/rome/esp/esp-idf/components/vfs/vfs_uart.c:209 (discriminator 2)
[0m
[0;33m0x42006ab8: console_write at /home/rome/esp/esp-idf/components/vfs/vfs_console.c:71
[0m
[0;33m0x42007260: uart_ll_get_txfifo_len at /home/rome/esp/esp-idf/components/hal/esp32c3/include/hal/uart_ll.h:341 (discriminator 1)
 (inlined by) uart_tx_char at /home/rome/esp/esp-idf/components/vfs/vfs_uart.c:164 (discriminator 1)
[0m
[0;33m0x420082e0: uart_write at /home/rome/esp/esp-idf/components/vfs/vfs_uart.c:209 (discriminator 2)
[0m
[0;33m0x42006ab8: console_write at /home/rome/esp/esp-idf/components/vfs/vfs_console.c:71
[0m
[0;33m0x42007260: uart_ll_get_txfifo_len at /home/rome/esp/esp-idf/components/hal/esp32c3/include/hal/uart_ll.h:341 (discriminator 1)
 (inlined by) uart_tx_char at /home/rome/esp/esp-idf/components/vfs/vfs_uart.c:164 (discriminator 1)
[0m
[0;33m0x42008314: uart_write at /home/rome/esp/esp-idf/components/vfs/vfs_uart.c:213
[0m
[0;33m0x42006ab8: console_write at /home/rome/esp/esp-idf/components/vfs/vfs_console.c:71
[0m
[0;33m0x42007256: uart_ll_get_txfifo_len at /home/rome/esp/esp-idf/components/hal/esp32c3/include/hal/uart_ll.h:341 (discriminator 1)
 (inlined by) uart_tx_char at /home/rome/esp/esp-idf/components/vfs/vfs_uart.c:164 (discriminator 1)
[0m
[0;33m0x420082e0: uart_write at /home/rome/esp/esp-idf/components/vfs/vfs_uart.c:209 (discriminator 2)
[0m
[0;33m0x42006ab8: console_write at /home/rome/esp/esp-idf/components/vfs/vfs_console.c:71
[0m
[0;33m0x42007256: uart_ll_get_txfifo_len at /home/rome/esp/esp-idf/components/hal/esp32c3/include/hal/uart_ll.h:341 (discriminator 1)
 (inlined by) uart_tx_char at /home/rome/esp/esp-idf/components/vfs/vfs_uart.c:164 (discriminator 1)
[0m
[0;33m0x420082e0: uart_write at /home/rome/esp/esp-idf/components/vfs/vfs_uart.c:209 (discriminator 2)
[0m
[0;33m0x42006ab8: console_write at /home/rome/esp/esp-idf/components/vfs/vfs_console.c:71
[0m
[0;33m0x42007258: uart_ll_get_txfifo_len at /home/rome/esp/esp-idf/components/hal/esp32c3/include/hal/uart_ll.h:341 (discriminator 1)
 (inlined by) uart_tx_char at /home/rome/esp/esp-idf/components/vfs/vfs_uart.c:164 (discriminator 1)
[0m
[0;33m0x42008314: uart_write at /home/rome/esp/esp-idf/components/vfs/vfs_uart.c:213
[0m
[0;33m0x42006ab8: console_write at /home/rome/esp/esp-idf/components/vfs/vfs_console.c:71
[0m
[0;33m0x42007258: uart_ll_get_txfifo_len at /home/rome/esp/esp-idf/components/hal/esp32c3/include/hal/uart_ll.h:341 (discriminator 1)
 (inlined by) uart_tx_char at /home/rome/esp/esp-idf/components/vfs/vfs_uart.c:164 (discriminator 1)
[0m
[0;33m0x420082e0: uart_write at /home/rome/esp/esp-idf/components/vfs/vfs_uart.c:209 (discriminator 2)
[0m
[0;33m0x42006ab8: console_write at /home/rome/esp/esp-idf/components/vfs/vfs_console.c:71
[0m
[0;33m0x40387aa6: xQueueTakeMutexRecursive at /home/rome/esp/esp-idf/components/freertos/FreeRTOS-Kernel/queue.c:765
[0m
[0;33m0x403816e8: lock_acquire_generic at /home/rome/esp/esp-idf/components/newlib/locks.c:144
[0m
[0;33m0x42007256: uart_ll_get_txfifo_len at /home/rome/esp/esp-idf/components/hal/esp32c3/include/hal/uart_ll.h:341 (discriminator 1)
 (inlined by) uart_tx_char at /home/rome/esp/esp-idf/components/vfs/vfs_uart.c:164 (discriminator 1)
[0m
[0;33m0x420082e0: uart_write at /home/rome/esp/esp-idf/components/vfs/vfs_uart.c:209 (discriminator 2)
[0m
[0;33m0x42006ab8: console_write at /home/rome/esp/esp-idf/components/vfs/vfs_console.c:71
[0m
[0;33m0x42007258: uart_ll_get_txfifo_len at /home/rome/esp/esp-idf/components/hal/esp32c3/include/hal/uart_ll.h:341 (discriminator 1)
 (inlined by) uart_tx_char at /home/rome/esp/esp-idf/components/vfs/vfs_uart.c:164 (discriminator 1)
[0m
[0;33m0x420082e0: uart_write at /home/rome/esp/esp-idf/components/vfs/vfs_uart.c:209 (discriminator 2)
[0m
[0;33m0x42006ab8: console_write at /home/rome/esp/esp-idf/components/vfs/vfs_console.c:71
[0m
[0;33m0x42007260: uart_ll_get_txfifo_len at /home/rome/esp/esp-idf/components/hal/esp32c3/include/hal/uart_ll.h:341 (discriminator 1)
 (inlined by) uart_tx_char at /home/rome/esp/esp-idf/components/vfs/vfs_uart.c:164 (discriminator 1)
[0m
[0;33m0x420082e0: uart_write at /home/rome/esp/esp-idf/components/vfs/vfs_uart.c:209 (discriminator 2)
[0m
[0;33m0x42006ab8: console_write at /home/rome/esp/esp-idf/components/vfs/vfs_console.c:71
[0m
[1;31mNone[0m
[0;33mWaiting for the device to reconnect[0mException in thread Thread-2 (_run_outer):
Traceback (most recent call last):
  File "/home/rome/.espressif/python_env/idf5.1_py3.10_env/lib/python3.10/site-packages/esp_idf_monitor/base/serial_reader.py", line 76, in run
    data = self.serial.read(self.serial.in_waiting or 1)
  File "/home/rome/.espressif/python_env/idf5.1_py3.10_env/lib/python3.10/site-packages/serial/serialposix.py", line 595, in read
    raise SerialException(
serial.serialutil.SerialException: device reports readiness to read but returned no data (device disconnected or multiple access on port?)

During handling of the above exception, another exception occurred:

Traceback (most recent call last):
  File "/home/rome/.espressif/python_env/idf5.1_py3.10_env/lib/python3.10/site-packages/esp_idf_monitor/base/serial_reader.py", line 83, in run
    self.close_serial()
  File "/home/rome/.espressif/python_env/idf5.1_py3.10_env/lib/python3.10/site-packages/esp_idf_monitor/base/serial_reader.py", line 105, in close_serial
    self.set_closing_wait(delay_sec=1)
  File "/home/rome/.espressif/python_env/idf5.1_py3.10_env/lib/python3.10/site-packages/esp_idf_monitor/base/serial_reader.py", line 119, in set_closing_wait
    fcntl.ioctl(self.serial.fd, termios.TIOCGSERIAL, buf)
OSError: [Errno 5] Input/output error

During handling of the above exception, another exception occurred:

Traceback (most recent call last):
  File "/usr/lib/python3.10/threading.py", line 1016, in _bootstrap_inner
    self.run()
  File "/usr/lib/python3.10/threading.py", line 953, in run
    self._target(*self._args, **self._kwargs)
  File "/home/rome/.espressif/python_env/idf5.1_py3.10_env/lib/python3.10/site-packages/esp_idf_monitor/base/stoppable_thread.py", line 47, in _run_outer
    self.run()
  File "/home/rome/.espressif/python_env/idf5.1_py3.10_env/lib/python3.10/site-packages/esp_idf_monitor/base/serial_reader.py", line 100, in run
    self.close_serial()
  File "/home/rome/.espressif/python_env/idf5.1_py3.10_env/lib/python3.10/site-packages/esp_idf_monitor/base/serial_reader.py", line 105, in close_serial
    self.set_closing_wait(delay_sec=1)
  File "/home/rome/.espressif/python_env/idf5.1_py3.10_env/lib/python3.10/site-packages/esp_idf_monitor/base/serial_reader.py", line 119, in set_closing_wait
    fcntl.ioctl(self.serial.fd, termios.TIOCGSERIAL, buf)
OSError: [Errno 5] Input/output error
[0m
